
/home/gleensande/2019_1_newTeam2/public/components/Button/Button.js
  23:27  error  'buttonTemplate' is not defined  no-undef

/home/gleensande/2019_1_newTeam2/public/components/Checkbox/Checkbox.js
  20:27  error  'checkboxTemplate' is not defined  no-undef

/home/gleensande/2019_1_newTeam2/public/components/GriseMerde/GriseMerde.js
  19:24  error  'grisemerdeTemplate' is not defined  no-undef

/home/gleensande/2019_1_newTeam2/public/components/Headline/Headline.js
  20:35  error  'headlineTemplate' is not defined  no-undef

/home/gleensande/2019_1_newTeam2/public/components/Icon/Icon.js
  21:27  error  'iconTemplate' is not defined  no-undef

/home/gleensande/2019_1_newTeam2/public/components/Image/Image.js
  31:24  error  'imageTemplate' is not defined  no-undef

/home/gleensande/2019_1_newTeam2/public/components/Input/Input.js
  21:24  error  'inputTemplate' is not defined  no-undef

/home/gleensande/2019_1_newTeam2/public/components/Link/Link.js
  19:27  error  'linkTemplate' is not defined  no-undef

/home/gleensande/2019_1_newTeam2/public/components/Table/Table.js
  57:31  error  'tableTemplate' is not defined  no-undef

/home/gleensande/2019_1_newTeam2/public/components/Upload/Upload.js
  36:27  error  'uploadTemplate' is not defined  no-undef

/home/gleensande/2019_1_newTeam2/public/models/AuthModel.js
  38:17  error  Unexpected console statement  no-console

/home/gleensande/2019_1_newTeam2/public/models/AvatarModel.js
  14:17  error  Unexpected console statement  no-console

/home/gleensande/2019_1_newTeam2/public/models/CardModel.js
  21:25  error  Unexpected console statement  no-console
  26:17  error  Unexpected console statement  no-console
  41:25  error  Unexpected console statement  no-console
  46:17  error  Unexpected console statement  no-console
  75:17  error  Unexpected console statement  no-console

/home/gleensande/2019_1_newTeam2/public/models/DictionaryModel.js
  21:25  error  Unexpected console statement  no-console
  26:17  error  Unexpected console statement  no-console
  41:25  error  Unexpected console statement  no-console
  46:17  error  Unexpected console statement  no-console
  83:17  error  Unexpected console statement  no-console

/home/gleensande/2019_1_newTeam2/public/models/UserModel.js
  31:25  error  Unexpected console statement             no-console
  36:17  error  Unexpected console statement             no-console
  51:25  error  Unexpected console statement             no-console
  56:17  error  Unexpected console statement             no-console
  71:25  error  Unexpected console statement             no-console
  76:17  error  Unexpected console statement             no-console
  81:16  error  'id' is assigned a value but never used  no-unused-vars
  92:17  error  Unexpected console statement             no-console

/home/gleensande/2019_1_newTeam2/public/services/router.js
  28:13  error  Unexpected console statement  no-console
  49:17  error  Unexpected console statement  no-console

/home/gleensande/2019_1_newTeam2/public/test.js
    1:47  error  Missing semicolon                                    semi
    2:59  error  Missing semicolon                                    semi
    3:47  error  Missing semicolon                                    semi
    4:21  error  Strings must use singlequote                         quotes
    5:26  error  Strings must use singlequote                         quotes
    8:9   error  'Pagination' is defined but never used               no-unused-vars
    8:54  error  Missing semicolon                                    semi
    9:50  error  Missing semicolon                                    semi
   10:9   error  'Upload' is defined but never used                   no-unused-vars
   10:53  error  Missing semicolon                                    semi
   11:9   error  'Image' is defined but never used                    no-unused-vars
   11:50  error  Missing semicolon                                    semi
   16:10  error  'testIcon' is defined but never used                 no-unused-vars
   21:10  error  'testCheckbox' is defined but never used             no-unused-vars
   29:10  error  'testLink' is defined but never used                 no-unused-vars
   34:10  error  'testButton' is defined but never used               no-unused-vars
   36:22  error  Strings must use singlequote                         quotes
   41:22  error  Strings must use singlequote                         quotes
   42:15  error  Strings must use singlequote                         quotes
   46:25  error  Unexpected console statement                         no-console
   46:37  error  Strings must use singlequote                         quotes
   48:22  error  Strings must use singlequote                         quotes
   49:15  error  Strings must use singlequote                         quotes
   55:10  error  'testHeadline' is defined but never used             no-unused-vars
   57:22  error  Strings must use singlequote                         quotes
   62:15  error  Strings must use singlequote                         quotes
   63:22  error  Strings must use singlequote                         quotes
   68:15  error  Strings must use singlequote                         quotes
   69:22  error  Strings must use singlequote                         quotes
   73:25  error  Unexpected console statement                         no-console
   73:37  error  Strings must use singlequote                         quotes
   76:15  error  Strings must use singlequote                         quotes
   77:22  error  Strings must use singlequote                         quotes
   82:15  error  Strings must use singlequote                         quotes
   83:22  error  Strings must use singlequote                         quotes
   88:15  error  Strings must use singlequote                         quotes
   89:22  error  Strings must use singlequote                         quotes
   94:15  error  Strings must use singlequote                         quotes
   95:22  error  Strings must use singlequote                         quotes
  100:10  error  'testGriseMerdeWithInput' is defined but never used  no-unused-vars
  102:15  error  Strings must use singlequote                         quotes
  103:22  error  Strings must use singlequote                         quotes
  104:15  error  Strings must use singlequote                         quotes
  109:18  error  Strings must use singlequote                         quotes
  115:10  error  'testTable' is defined but never used                no-unused-vars
  119:13  error  Strings must use singlequote                         quotes
  119:20  error  Strings must use singlequote                         quotes
  120:13  error  Strings must use singlequote                         quotes
  121:13  error  Strings must use singlequote                         quotes
  121:21  error  Strings must use singlequote                         quotes
  122:13  error  Strings must use singlequote                         quotes
  123:13  error  Strings must use singlequote                         quotes
  123:24  error  Strings must use singlequote                         quotes
  124:13  error  Strings must use singlequote                         quotes
  124:24  error  Strings must use singlequote                         quotes
  125:13  error  Strings must use singlequote                         quotes
  126:13  error  Strings must use singlequote                         quotes
  126:25  error  Strings must use singlequote                         quotes
  127:13  error  Strings must use singlequote                         quotes
  127:24  error  Strings must use singlequote                         quotes
  130:13  error  Strings must use singlequote                         quotes
  130:20  error  Strings must use singlequote                         quotes
  131:13  error  Strings must use singlequote                         quotes
  132:13  error  Strings must use singlequote                         quotes
  132:21  error  Strings must use singlequote                         quotes
  133:13  error  Strings must use singlequote                         quotes
  134:13  error  Strings must use singlequote                         quotes
  134:24  error  Strings must use singlequote                         quotes
  135:13  error  Strings must use singlequote                         quotes
  135:24  error  Strings must use singlequote                         quotes
  136:13  error  Strings must use singlequote                         quotes
  137:13  error  Strings must use singlequote                         quotes
  137:25  error  Strings must use singlequote                         quotes
  138:13  error  Strings must use singlequote                         quotes
  138:24  error  Strings must use singlequote                         quotes
  141:13  error  Strings must use singlequote                         quotes
  141:20  error  Strings must use singlequote                         quotes
  142:13  error  Strings must use singlequote                         quotes
  143:13  error  Strings must use singlequote                         quotes
  143:21  error  Strings must use singlequote                         quotes
  144:13  error  Strings must use singlequote                         quotes
  145:13  error  Strings must use singlequote                         quotes
  145:24  error  Strings must use singlequote                         quotes
  146:13  error  Strings must use singlequote                         quotes
  146:24  error  Strings must use singlequote                         quotes
  147:13  error  Strings must use singlequote                         quotes
  148:13  error  Strings must use singlequote                         quotes
  148:25  error  Strings must use singlequote                         quotes
  149:13  error  Strings must use singlequote                         quotes
  149:24  error  Strings must use singlequote                         quotes
  152:13  error  Strings must use singlequote                         quotes
  152:20  error  Strings must use singlequote                         quotes
  153:13  error  Strings must use singlequote                         quotes
  154:13  error  Strings must use singlequote                         quotes
  154:21  error  Strings must use singlequote                         quotes
  155:13  error  Strings must use singlequote                         quotes
  156:13  error  Strings must use singlequote                         quotes
  156:24  error  Strings must use singlequote                         quotes
  157:13  error  Strings must use singlequote                         quotes
  157:24  error  Strings must use singlequote                         quotes
  158:13  error  Strings must use singlequote                         quotes
  159:13  error  Strings must use singlequote                         quotes
  159:25  error  Strings must use singlequote                         quotes
  160:13  error  Strings must use singlequote                         quotes
  160:24  error  Strings must use singlequote                         quotes
  163:13  error  Strings must use singlequote                         quotes
  163:20  error  Strings must use singlequote                         quotes
  164:13  error  Strings must use singlequote                         quotes
  165:13  error  Strings must use singlequote                         quotes
  165:21  error  Strings must use singlequote                         quotes
  166:13  error  Strings must use singlequote                         quotes
  167:13  error  Strings must use singlequote                         quotes
  167:24  error  Strings must use singlequote                         quotes
  168:13  error  Strings must use singlequote                         quotes
  168:24  error  Strings must use singlequote                         quotes
  169:13  error  Strings must use singlequote                         quotes
  170:13  error  Strings must use singlequote                         quotes
  170:25  error  Strings must use singlequote                         quotes
  171:13  error  Strings must use singlequote                         quotes
  171:24  error  Strings must use singlequote                         quotes
  174:13  error  Strings must use singlequote                         quotes
  174:20  error  Strings must use singlequote                         quotes
  175:13  error  Strings must use singlequote                         quotes
  176:13  error  Strings must use singlequote                         quotes
  176:21  error  Strings must use singlequote                         quotes
  177:13  error  Strings must use singlequote                         quotes
  178:13  error  Strings must use singlequote                         quotes
  178:24  error  Strings must use singlequote                         quotes
  179:13  error  Strings must use singlequote                         quotes
  179:24  error  Strings must use singlequote                         quotes
  180:13  error  Strings must use singlequote                         quotes
  181:13  error  Strings must use singlequote                         quotes
  181:25  error  Strings must use singlequote                         quotes
  182:13  error  Strings must use singlequote                         quotes
  182:24  error  Strings must use singlequote                         quotes
  185:13  error  Strings must use singlequote                         quotes
  185:20  error  Strings must use singlequote                         quotes
  186:13  error  Strings must use singlequote                         quotes
  187:13  error  Strings must use singlequote                         quotes
  187:21  error  Strings must use singlequote                         quotes
  188:13  error  Strings must use singlequote                         quotes
  189:13  error  Strings must use singlequote                         quotes
  189:24  error  Strings must use singlequote                         quotes
  190:13  error  Strings must use singlequote                         quotes
  190:24  error  Strings must use singlequote                         quotes
  191:13  error  Strings must use singlequote                         quotes
  192:13  error  Strings must use singlequote                         quotes
  192:25  error  Strings must use singlequote                         quotes
  193:13  error  Strings must use singlequote                         quotes
  193:24  error  Strings must use singlequote                         quotes
  196:13  error  Strings must use singlequote                         quotes
  196:20  error  Strings must use singlequote                         quotes
  197:13  error  Strings must use singlequote                         quotes
  198:13  error  Strings must use singlequote                         quotes
  198:21  error  Strings must use singlequote                         quotes
  199:13  error  Strings must use singlequote                         quotes
  200:13  error  Strings must use singlequote                         quotes
  200:24  error  Strings must use singlequote                         quotes
  201:13  error  Strings must use singlequote                         quotes
  201:24  error  Strings must use singlequote                         quotes
  202:13  error  Strings must use singlequote                         quotes
  203:13  error  Strings must use singlequote                         quotes
  203:25  error  Strings must use singlequote                         quotes
  204:13  error  Strings must use singlequote                         quotes
  204:24  error  Strings must use singlequote                         quotes

/home/gleensande/2019_1_newTeam2/public/testComponents.js
    1:46  error  Missing semicolon             semi
    2:58  error  Missing semicolon             semi
    3:46  error  Missing semicolon             semi
    6:30  error  Strings must use singlequote  quotes
    7:35  error  Strings must use singlequote  quotes
   31:29  error  Strings must use singlequote  quotes
   34:22  error  Strings must use singlequote  quotes
   40:22  error  Strings must use singlequote  quotes
   41:15  error  Strings must use singlequote  quotes
   47:22  error  Strings must use singlequote  quotes
   48:15  error  Strings must use singlequote  quotes
   54:29  error  Strings must use singlequote  quotes
   57:22  error  Strings must use singlequote  quotes
   63:15  error  Strings must use singlequote  quotes
   64:22  error  Strings must use singlequote  quotes
   70:15  error  Strings must use singlequote  quotes
   71:22  error  Strings must use singlequote  quotes
   77:15  error  Strings must use singlequote  quotes
   78:22  error  Strings must use singlequote  quotes
   84:15  error  Strings must use singlequote  quotes
   85:22  error  Strings must use singlequote  quotes
   91:15  error  Strings must use singlequote  quotes
   92:22  error  Strings must use singlequote  quotes
   98:15  error  Strings must use singlequote  quotes
   99:22  error  Strings must use singlequote  quotes
  106:15  error  Strings must use singlequote  quotes
  107:22  error  Strings must use singlequote  quotes
  108:15  error  Strings must use singlequote  quotes
  113:18  error  Strings must use singlequote  quotes

/home/gleensande/2019_1_newTeam2/public/views/Dictionary/Dictionary.js
  14:12  error  'options' is assigned a value but never used  no-unused-vars

/home/gleensande/2019_1_newTeam2/public/views/Leaderboard/Leaderboard.js
  34:13  error  Unexpected console statement  no-console

/home/gleensande/2019_1_newTeam2/public/views/Login/Login.js
  15:12  error  'options' is assigned a value but never used  no-unused-vars

/home/gleensande/2019_1_newTeam2/public/views/Profile/Profile.js
  14:12  error  'options' is assigned a value but never used  no-unused-vars
  38:13  error  Unexpected console statement                  no-console
  44:33  error  'profileTemplate' is not defined              no-undef
  55:33  error  'profileeditTemplate' is not defined          no-undef
  78:33  error  'profileTemplate' is not defined              no-undef

/home/gleensande/2019_1_newTeam2/public/views/Signup/Signup.js
  15:12  error  'options' is assigned a value but never used  no-unused-vars

✖ 235 problems (235 errors, 0 warnings)
  182 errors and 0 warnings potentially fixable with the `--fix` option.

